<?xml version="1.0" encoding="UTF-8"?>
<!-- Generated by org.testng.reporters.JUnitReportReporter -->
<testsuite name="NewTest" tests="1" time="0.016" ignored="0" failures="0" timestamp="31 Oct 2017 17:49:09 GMT" skipped="0" hostname="Srisuneetha" errors="0">
  <testcase name="f" time="0.016" classname="NewTest"/>
</testsuite> <!-- NewTest -->
