<?xml version="1.0" encoding="UTF-8"?>
<!-- Generated by org.testng.reporters.JUnitReportReporter -->
<testsuite name="seleniumProject.SeleniumTest2" tests="2" time="0.016" ignored="0" failures="0" timestamp="31 Oct 2017 18:06:54 GMT" skipped="0" hostname="Srisuneetha" errors="0">
  <testcase name="testcase6" time="0.001" classname="seleniumProject.SeleniumTest2"/>
  <testcase name="testcase5" time="0.015" classname="seleniumProject.SeleniumTest2"/>
</testsuite> <!-- seleniumProject.SeleniumTest2 -->
