<?xml version="1.0" encoding="UTF-8"?>
<!-- Generated by org.testng.reporters.JUnitReportReporter -->
<testsuite name="seleniumProject.SeleniumTest" tests="4" time="0.002" ignored="0" failures="0" timestamp="31 Oct 2017 17:49:09 GMT" skipped="0" hostname="Srisuneetha" errors="0">
  <testcase name="testcase4" time="0.001" classname="seleniumProject.SeleniumTest"/>
  <testcase name="testcase3" time="0.000" classname="seleniumProject.SeleniumTest"/>
  <testcase name="testcase2" time="0.000" classname="seleniumProject.SeleniumTest"/>
  <testcase name="testcase1" time="0.001" classname="seleniumProject.SeleniumTest"/>
</testsuite> <!-- seleniumProject.SeleniumTest -->
